1551673414664	mozrunner::runner	INFO	Running command: "/usr/bin/firefox" "-marionette" "-foreground" "-no-remote" "-profile" "/tmp/rust_mozprofile.NRG5WG1WQO7G"
1551673419054	addons.webextension.screenshots@mozilla.org	WARN	Loading extension 'screenshots@mozilla.org': Reading manifest: Invalid host permission: resource://pdf.js/
1551673419056	addons.webextension.screenshots@mozilla.org	WARN	Loading extension 'screenshots@mozilla.org': Reading manifest: Invalid host permission: about:reader*

(firefox:8751): Gtk-WARNING **: 01:23:41.627: Theme parsing error: <data>:1:34: Expected ')' in color definition

(firefox:8751): Gtk-WARNING **: 01:23:41.627: Theme parsing error: <data>:1:78: Expected ')' in color definition
1551673432098	Marionette	INFO	Listening on port 37453
1551673432314	Marionette	WARN	TLS certificate errors will be ignored for this session
console.error: BroadcastService: 
  receivedBroadcastMessage: handler for
  remote-settings/monitor_changes
  threw error:
  Message: Error: Polling for changes failed: NetworkError when attempting to fetch resource..
  Stack:
    remoteSettingsFunction/remoteSettings.pollChanges@resource://services-settings/remote-settings.js:188:13

1551673490798	Marionette	INFO	Stopped listening on port 37453
1551673509622	mozrunner::runner	INFO	Running command: "/usr/bin/firefox" "-marionette" "-foreground" "-no-remote" "-profile" "/tmp/rust_mozprofile.4K71QJ9kFu8b"
1551673512738	addons.webextension.screenshots@mozilla.org	WARN	Loading extension 'screenshots@mozilla.org': Reading manifest: Invalid host permission: resource://pdf.js/
1551673512740	addons.webextension.screenshots@mozilla.org	WARN	Loading extension 'screenshots@mozilla.org': Reading manifest: Invalid host permission: about:reader*

(firefox:9022): Gtk-WARNING **: 01:25:15.043: Theme parsing error: <data>:1:34: Expected ')' in color definition

(firefox:9022): Gtk-WARNING **: 01:25:15.044: Theme parsing error: <data>:1:78: Expected ')' in color definition
1551673523871	Marionette	INFO	Listening on port 33227
1551673524145	Marionette	WARN	TLS certificate errors will be ignored for this session
1551673545083	Marionette	INFO	Stopped listening on port 33227
1551673549469	mozrunner::runner	INFO	Running command: "/usr/bin/firefox" "-marionette" "-foreground" "-no-remote" "-profile" "/tmp/rust_mozprofile.CvSGscb74WO8"
1551673552355	addons.webextension.screenshots@mozilla.org	WARN	Loading extension 'screenshots@mozilla.org': Reading manifest: Invalid host permission: resource://pdf.js/
1551673552357	addons.webextension.screenshots@mozilla.org	WARN	Loading extension 'screenshots@mozilla.org': Reading manifest: Invalid host permission: about:reader*

(firefox:9266): Gtk-WARNING **: 01:25:54.616: Theme parsing error: <data>:1:34: Expected ')' in color definition

(firefox:9266): Gtk-WARNING **: 01:25:54.617: Theme parsing error: <data>:1:78: Expected ')' in color definition
1551673563433	Marionette	INFO	Listening on port 43535
1551673563711	Marionette	WARN	TLS certificate errors will be ignored for this session
JavaScript warning: http://www.buscacep.correios.com.br/sistemas/buscacep/buscaFaixaCEP.cfm, line 134: unreachable code after return statement
console.error: BroadcastService: 
  receivedBroadcastMessage: handler for
  remote-settings/monitor_changes
  threw error:
  Message: Error: Polling for changes failed: NetworkError when attempting to fetch resource..
  Stack:
    remoteSettingsFunction/remoteSettings.pollChanges@resource://services-settings/remote-settings.js:188:13


(firefox:9266): GLib-GObject-WARNING **: 01:29:08.602: ../../../../gobject/gsignal.c:3492: signal name 'selection_changed' is invalid for instance '0x7fd3243fd330' of type 'MaiAtkType13b'
JavaScript warning: http://www.buscacep.correios.com.br/sistemas/buscacep/buscaFaixaCEP.cfm, line 134: unreachable code after return statement
1551673836372	Marionette	INFO	Stopped listening on port 43535
1551673843366	mozrunner::runner	INFO	Running command: "/usr/bin/firefox" "-marionette" "-foreground" "-no-remote" "-profile" "/tmp/rust_mozprofile.cxM9qdgXtwXr"
1551673846240	addons.webextension.screenshots@mozilla.org	WARN	Loading extension 'screenshots@mozilla.org': Reading manifest: Invalid host permission: resource://pdf.js/
1551673846242	addons.webextension.screenshots@mozilla.org	WARN	Loading extension 'screenshots@mozilla.org': Reading manifest: Invalid host permission: about:reader*

(firefox:9529): Gtk-WARNING **: 01:30:48.478: Theme parsing error: <data>:1:34: Expected ')' in color definition

(firefox:9529): Gtk-WARNING **: 01:30:48.478: Theme parsing error: <data>:1:78: Expected ')' in color definition
1551673857087	Marionette	INFO	Listening on port 33813
1551673857369	Marionette	WARN	TLS certificate errors will be ignored for this session
JavaScript warning: http://www.buscacep.correios.com.br/sistemas/buscacep/buscaFaixaCEP.cfm, line 134: unreachable code after return statement
1551673890799	Marionette	INFO	Stopped listening on port 33813
1551673901739	mozrunner::runner	INFO	Running command: "/usr/bin/firefox" "-marionette" "-foreground" "-no-remote" "-profile" "/tmp/rust_mozprofile.AF90QaaUnlsE"
1551673904607	addons.webextension.screenshots@mozilla.org	WARN	Loading extension 'screenshots@mozilla.org': Reading manifest: Invalid host permission: resource://pdf.js/
1551673904608	addons.webextension.screenshots@mozilla.org	WARN	Loading extension 'screenshots@mozilla.org': Reading manifest: Invalid host permission: about:reader*

(firefox:9760): Gtk-WARNING **: 01:31:46.748: Theme parsing error: <data>:1:34: Expected ')' in color definition

(firefox:9760): Gtk-WARNING **: 01:31:46.748: Theme parsing error: <data>:1:78: Expected ')' in color definition
1551673915461	Marionette	INFO	Listening on port 36379
1551673915816	Marionette	WARN	TLS certificate errors will be ignored for this session
JavaScript warning: http://www.buscacep.correios.com.br/sistemas/buscacep/buscaFaixaCEP.cfm, line 134: unreachable code after return statement

(firefox:9760): GLib-GObject-WARNING **: 01:32:04.741: ../../../../gobject/gsignal.c:3492: signal name 'selection_changed' is invalid for instance '0x7f1c1d2d3470' of type 'MaiAtkType13b'
JavaScript warning: http://www.buscacep.correios.com.br/sistemas/buscacep/buscaFaixaCEP.cfm, line 134: unreachable code after return statement
1551673938849	Marionette	INFO	Stopped listening on port 36379
